2025-02-13 20:49:29,155 - INFO - ะะฑะฝะพะฒะปะตะฝะฐ ะทะฝะฐัะตะฝะธะต: 1 - type='string' description='string'
2025-02-14 20:39:00,389 - INFO - ๐ FastAPI ัะตัะฒะตั ะทะฐะฟััะตะฝ!
2025-02-14 20:39:01,774 - INFO - ๐ FastAPI ัะตัะฒะตั ะทะฐะฟััะตะฝ!
2025-02-14 20:39:28,773 - INFO - ๐ FastAPI ัะตัะฒะตั ะทะฐะฟััะตะฝ!
2025-02-14 20:39:29,789 - INFO - ๐ FastAPI ัะตัะฒะตั ะทะฐะฟััะตะฝ!
2025-02-14 20:47:16,468 - INFO - ๐ FastAPI ัะตัะฒะตั ะทะฐะฟััะตะฝ!
2025-02-14 20:47:36,117 - INFO - ๐ FastAPI ัะตัะฒะตั ะทะฐะฟััะตะฝ!
2025-02-14 20:47:43,329 - INFO - ๐ FastAPI ัะตัะฒะตั ะทะฐะฟััะตะฝ!
2025-02-14 20:49:50,160 - INFO - ๐ FastAPI ัะตัะฒะตั ะทะฐะฟััะตะฝ!
2025-02-14 20:55:54,239 - INFO - ๐ FastAPI ัะตัะฒะตั ะทะฐะฟััะตะฝ!
2025-02-14 21:02:03,954 - INFO - ๐ FastAPI ัะตัะฒะตั ะทะฐะฟััะตะฝ!
2025-02-14 21:02:07,459 - INFO - ๐ FastAPI ัะตัะฒะตั ะทะฐะฟััะตะฝ!
2025-02-14 21:02:09,164 - INFO - ๐ FastAPI ัะตัะฒะตั ะทะฐะฟััะตะฝ!
2025-02-14 21:02:10,313 - INFO - ๐ FastAPI ัะตัะฒะตั ะทะฐะฟััะตะฝ!
2025-02-14 21:04:04,481 - INFO - ๐ FastAPI ัะตัะฒะตั ะทะฐะฟััะตะฝ!
2025-02-14 21:05:29,999 - INFO - ๐ FastAPI ัะตัะฒะตั ะทะฐะฟััะตะฝ!
2025-02-14 21:05:31,794 - INFO - ๐ FastAPI ัะตัะฒะตั ะทะฐะฟััะตะฝ!
2025-02-14 21:05:33,023 - INFO - ๐ FastAPI ัะตัะฒะตั ะทะฐะฟััะตะฝ!
2025-02-14 21:06:27,807 - INFO - ๐ FastAPI ัะตัะฒะตั ะทะฐะฟััะตะฝ!
2025-02-14 21:06:47,832 - INFO - ๐ FastAPI ัะตัะฒะตั ะทะฐะฟััะตะฝ!
2025-02-14 21:06:52,563 - INFO - ๐ FastAPI ัะตัะฒะตั ะทะฐะฟััะตะฝ!
2025-02-14 21:06:53,620 - INFO - ๐ FastAPI ัะตัะฒะตั ะทะฐะฟััะตะฝ!
2025-02-14 21:08:57,390 - INFO - ๐ FastAPI ัะตัะฒะตั ะทะฐะฟััะตะฝ!
2025-02-14 21:09:30,019 - INFO - ๐ FastAPI ัะตัะฒะตั ะทะฐะฟััะตะฝ!
2025-02-14 21:09:31,346 - INFO - ๐ FastAPI ัะตัะฒะตั ะทะฐะฟััะตะฝ!
2025-02-14 21:09:48,103 - INFO - ๐ FastAPI ัะตัะฒะตั ะทะฐะฟััะตะฝ!
2025-02-14 21:09:50,296 - INFO - ๐ FastAPI ัะตัะฒะตั ะทะฐะฟััะตะฝ!
2025-02-14 21:10:11,322 - INFO - ๐ FastAPI ัะตัะฒะตั ะทะฐะฟััะตะฝ!
2025-02-14 21:10:12,507 - INFO - ๐ FastAPI ัะตัะฒะตั ะทะฐะฟััะตะฝ!
2025-02-14 21:10:41,390 - INFO - ๐ FastAPI ัะตัะฒะตั ะทะฐะฟััะตะฝ!
2025-02-14 21:10:42,719 - INFO - ๐ FastAPI ัะตัะฒะตั ะทะฐะฟััะตะฝ!
2025-02-14 21:11:16,007 - INFO - ๐ FastAPI ัะตัะฒะตั ะทะฐะฟััะตะฝ!
2025-02-14 21:11:19,415 - INFO - ๐ FastAPI ัะตัะฒะตั ะทะฐะฟััะตะฝ!
2025-02-14 21:11:27,508 - INFO - ๐ FastAPI ัะตัะฒะตั ะทะฐะฟััะตะฝ!
2025-02-14 21:12:42,598 - INFO - ๐ FastAPI ัะตัะฒะตั ะทะฐะฟััะตะฝ!
2025-02-14 21:12:45,050 - INFO - ๐ FastAPI ัะตัะฒะตั ะทะฐะฟััะตะฝ!
2025-02-14 21:12:57,816 - INFO - ๐ FastAPI ัะตัะฒะตั ะทะฐะฟััะตะฝ!
2025-02-14 21:13:07,161 - INFO - ๐ FastAPI ัะตัะฒะตั ะทะฐะฟััะตะฝ!
2025-02-14 21:13:08,500 - INFO - ๐ FastAPI ัะตัะฒะตั ะทะฐะฟััะตะฝ!
2025-02-14 21:13:14,300 - INFO - ๐ FastAPI ัะตัะฒะตั ะทะฐะฟััะตะฝ!
2025-02-14 21:14:13,116 - INFO - ๐ FastAPI ัะตัะฒะตั ะทะฐะฟััะตะฝ!
2025-02-14 21:14:15,166 - INFO - ๐ FastAPI ัะตัะฒะตั ะทะฐะฟััะตะฝ!
2025-02-14 21:14:25,975 - INFO - ๐ FastAPI ัะตัะฒะตั ะทะฐะฟััะตะฝ!
2025-02-14 21:14:36,981 - INFO - ๐ FastAPI ัะตัะฒะตั ะทะฐะฟััะตะฝ!
2025-02-14 21:14:58,833 - INFO - ๐ FastAPI ัะตัะฒะตั ะทะฐะฟััะตะฝ!
2025-02-14 21:15:02,190 - INFO - ๐ FastAPI ัะตัะฒะตั ะทะฐะฟััะตะฝ!
2025-02-14 21:16:00,222 - INFO - ๐ FastAPI ัะตัะฒะตั ะทะฐะฟััะตะฝ!
2025-02-14 21:17:34,730 - INFO - ๐ FastAPI ัะตัะฒะตั ะทะฐะฟััะตะฝ!
2025-02-14 21:17:39,460 - INFO - ๐ FastAPI ัะตัะฒะตั ะทะฐะฟััะตะฝ!
2025-02-14 21:19:07,567 - INFO - ๐ FastAPI ัะตัะฒะตั ะทะฐะฟััะตะฝ!
2025-02-14 21:19:09,634 - INFO - ๐ FastAPI ัะตัะฒะตั ะทะฐะฟััะตะฝ!
2025-02-14 21:20:15,307 - INFO - ๐ FastAPI ัะตัะฒะตั ะทะฐะฟััะตะฝ!
2025-02-14 21:20:17,791 - INFO - ๐ FastAPI ัะตัะฒะตั ะทะฐะฟััะตะฝ!
2025-02-14 21:22:47,054 - INFO - ๐ FastAPI ัะตัะฒะตั ะทะฐะฟััะตะฝ!
2025-02-14 21:22:48,505 - INFO - ๐ FastAPI ัะตัะฒะตั ะทะฐะฟััะตะฝ!
2025-02-14 21:22:49,622 - INFO - ๐ FastAPI ัะตัะฒะตั ะทะฐะฟััะตะฝ!
2025-02-14 21:25:44,966 - INFO - ๐ FastAPI ัะตัะฒะตั ะทะฐะฟััะตะฝ!
2025-02-14 21:25:49,395 - INFO - ๐ FastAPI ัะตัะฒะตั ะทะฐะฟััะตะฝ!
2025-02-14 21:25:52,919 - INFO - ๐ FastAPI ัะตัะฒะตั ะทะฐะฟััะตะฝ!
2025-02-14 21:25:54,004 - INFO - ๐ FastAPI ัะตัะฒะตั ะทะฐะฟััะตะฝ!
2025-02-14 21:26:01,058 - INFO - ๐ FastAPI ัะตัะฒะตั ะทะฐะฟััะตะฝ!
2025-02-14 21:27:31,666 - INFO - ๐ FastAPI ัะตัะฒะตั ะทะฐะฟััะตะฝ!
2025-02-14 21:27:37,806 - INFO - ๐ FastAPI ัะตัะฒะตั ะทะฐะฟััะตะฝ!
2025-02-14 21:27:40,629 - INFO - ๐ FastAPI ัะตัะฒะตั ะทะฐะฟััะตะฝ!
2025-02-14 21:27:42,445 - INFO - ๐ FastAPI ัะตัะฒะตั ะทะฐะฟััะตะฝ!
2025-02-14 21:27:43,762 - INFO - ๐ FastAPI ัะตัะฒะตั ะทะฐะฟััะตะฝ!
2025-02-14 21:27:52,799 - INFO - ๐ FastAPI ัะตัะฒะตั ะทะฐะฟััะตะฝ!
2025-02-14 21:27:56,665 - INFO - ๐ FastAPI ัะตัะฒะตั ะทะฐะฟััะตะฝ!
2025-02-14 21:27:57,975 - INFO - ๐ FastAPI ัะตัะฒะตั ะทะฐะฟััะตะฝ!
2025-02-14 21:28:01,579 - INFO - ๐ FastAPI ัะตัะฒะตั ะทะฐะฟััะตะฝ!
2025-02-14 21:28:04,817 - INFO - ๐ FastAPI ัะตัะฒะตั ะทะฐะฟััะตะฝ!
2025-02-14 21:28:08,131 - INFO - ๐ FastAPI ัะตัะฒะตั ะทะฐะฟััะตะฝ!
2025-02-14 21:37:04,523 - INFO - ๐ FastAPI ัะตัะฒะตั ะทะฐะฟััะตะฝ!
2025-02-14 21:37:12,618 - INFO - ๐ FastAPI ัะตัะฒะตั ะทะฐะฟััะตะฝ!
2025-02-14 21:37:14,468 - INFO - ๐ FastAPI ัะตัะฒะตั ะทะฐะฟััะตะฝ!
2025-02-14 21:37:16,351 - INFO - ๐ FastAPI ัะตัะฒะตั ะทะฐะฟััะตะฝ!
2025-02-14 21:38:08,988 - INFO - ๐ FastAPI ัะตัะฒะตั ะทะฐะฟััะตะฝ!
2025-02-14 21:38:10,346 - INFO - ๐ FastAPI ัะตัะฒะตั ะทะฐะฟััะตะฝ!
2025-02-14 21:38:11,619 - INFO - ๐ FastAPI ัะตัะฒะตั ะทะฐะฟััะตะฝ!
2025-02-14 21:38:35,135 - INFO - ๐ FastAPI ัะตัะฒะตั ะทะฐะฟััะตะฝ!
2025-02-14 21:38:37,311 - INFO - ๐ FastAPI ัะตัะฒะตั ะทะฐะฟััะตะฝ!
2025-02-14 21:39:19,557 - INFO - ๐ FastAPI ัะตัะฒะตั ะทะฐะฟััะตะฝ!
2025-02-14 21:39:24,199 - INFO - ๐ FastAPI ัะตัะฒะตั ะทะฐะฟััะตะฝ!
2025-02-14 21:39:25,383 - INFO - ๐ FastAPI ัะตัะฒะตั ะทะฐะฟััะตะฝ!
2025-02-14 21:39:38,513 - INFO - ๐ FastAPI ัะตัะฒะตั ะทะฐะฟััะตะฝ!
2025-02-14 21:39:50,931 - INFO - ๐ FastAPI ัะตัะฒะตั ะทะฐะฟััะตะฝ!
2025-02-14 21:39:52,434 - INFO - ๐ FastAPI ัะตัะฒะตั ะทะฐะฟััะตะฝ!
2025-02-14 21:40:05,686 - INFO - ๐ FastAPI ัะตัะฒะตั ะทะฐะฟััะตะฝ!
2025-02-14 21:41:10,396 - INFO - ๐ FastAPI ัะตัะฒะตั ะทะฐะฟััะตะฝ!
2025-02-14 21:42:01,404 - INFO - ๐ FastAPI ัะตัะฒะตั ะทะฐะฟััะตะฝ!
2025-02-14 21:42:02,397 - INFO - ๐ FastAPI ัะตัะฒะตั ะทะฐะฟััะตะฝ!
2025-02-14 21:43:18,807 - INFO - ๐ FastAPI ัะตัะฒะตั ะทะฐะฟััะตะฝ!
2025-02-14 21:44:30,646 - INFO - ๐ FastAPI ัะตัะฒะตั ะทะฐะฟััะตะฝ!
2025-02-14 21:44:43,477 - INFO - ๐ FastAPI ัะตัะฒะตั ะทะฐะฟััะตะฝ!
2025-02-14 21:47:29,630 - INFO - ๐ FastAPI ัะตัะฒะตั ะทะฐะฟััะตะฝ!
2025-02-14 21:48:07,207 - INFO - ๐ FastAPI ัะตัะฒะตั ะทะฐะฟััะตะฝ!
2025-02-14 21:48:38,006 - INFO - ๐ FastAPI ัะตัะฒะตั ะทะฐะฟััะตะฝ!
2025-02-14 21:48:39,488 - INFO - ๐ FastAPI ัะตัะฒะตั ะทะฐะฟััะตะฝ!
2025-02-14 21:48:42,651 - INFO - ๐ FastAPI ัะตัะฒะตั ะทะฐะฟััะตะฝ!
2025-02-14 21:49:58,094 - INFO - ๐ FastAPI ัะตัะฒะตั ะทะฐะฟััะตะฝ!
2025-02-14 21:50:10,774 - INFO - ๐ FastAPI ัะตัะฒะตั ะทะฐะฟััะตะฝ!
2025-02-14 21:56:04,055 - INFO - โ ะะธะดะตะพ y2mate.com - ะะฒะฐ ะฐะปะบะฐัะฐ ะดะตััััั two drunk men fight_360p.mp4 ะทะฐะณััะถะตะฝะพ.
2025-02-14 21:56:48,776 - INFO - โ ะะธะดะตะพ 1.mp4 ะทะฐะณััะถะตะฝะพ.
2025-02-14 21:57:10,378 - INFO - ๐ ะะฝะฐะปะธะท ะฒะธะดะตะพ: 1.mp4
2025-02-14 21:59:09,411 - INFO - ๐ FastAPI ัะตัะฒะตั ะทะฐะฟััะตะฝ!
2025-02-14 21:59:17,813 - INFO - ๐ FastAPI ัะตัะฒะตั ะทะฐะฟััะตะฝ!
2025-02-14 21:59:23,729 - INFO - ๐ FastAPI ัะตัะฒะตั ะทะฐะฟััะตะฝ!
2025-02-14 22:00:10,089 - INFO - ๐ FastAPI ัะตัะฒะตั ะทะฐะฟััะตะฝ!
2025-02-14 22:00:11,705 - INFO - ๐ FastAPI ัะตัะฒะตั ะทะฐะฟััะตะฝ!
2025-02-14 22:00:26,428 - INFO - ๐ FastAPI ัะตัะฒะตั ะทะฐะฟััะตะฝ!
2025-02-14 22:00:28,906 - INFO - ๐ FastAPI ัะตัะฒะตั ะทะฐะฟััะตะฝ!
